{"/home/ubuntu/workspace/labs/fmtok8s-ci/src/github-service.js": {"path":"/home/ubuntu/workspace/labs/fmtok8s-ci/src/github-service.js","statementMap":{"0":{"start":{"line":1,"column":13},"end":{"line":1,"column":37}},"1":{"start":{"line":5,"column":8},"end":{"line":5,"column":30}},"2":{"start":{"line":9,"column":8},"end":{"line":21,"column":9}},"3":{"start":{"line":10,"column":29},"end":{"line":16,"column":18}},"4":{"start":{"line":17,"column":12},"end":{"line":17,"column":92}},"5":{"start":{"line":19,"column":12},"end":{"line":19,"column":101}},"6":{"start":{"line":20,"column":12},"end":{"line":20,"column":24}},"7":{"start":{"line":25,"column":0},"end":{"line":25,"column":30}}},"fnMap":{"0":{"name":"(anonymous_0)","decl":{"start":{"line":4,"column":4},"end":{"line":4,"column":5}},"loc":{"start":{"line":4,"column":29},"end":{"line":6,"column":5}},"line":4},"1":{"name":"(anonymous_1)","decl":{"start":{"line":8,"column":4},"end":{"line":8,"column":5}},"loc":{"start":{"line":8,"column":78},"end":{"line":22,"column":5}},"line":8}},"branchMap":{"0":{"loc":{"start":{"line":17,"column":19},"end":{"line":17,"column":92}},"type":"binary-expr","locations":[{"start":{"line":17,"column":19},"end":{"line":17,"column":55}},{"start":{"line":17,"column":59},"end":{"line":17,"column":92}}],"line":17}},"s":{"0":2,"1":6,"2":4,"3":4,"4":3,"5":1,"6":1,"7":2},"f":{"0":6,"1":4},"b":{"0":[3,1]},"_coverageSchema":"1a1c01bbd47fc00a2c39e90264f33305004495a9","hash":"97b73f7735428ec7cd3f217f0a6ed2348fc14298"}
,"/home/ubuntu/workspace/labs/fmtok8s-ci/src/main.js": {"path":"/home/ubuntu/workspace/labs/fmtok8s-ci/src/main.js","statementMap":{"0":{"start":{"line":1,"column":13},"end":{"line":1,"column":37}},"1":{"start":{"line":5,"column":8},"end":{"line":5,"column":28}},"2":{"start":{"line":6,"column":8},"end":{"line":6,"column":24}},"3":{"start":{"line":7,"column":8},"end":{"line":7,"column":42}},"4":{"start":{"line":12,"column":8},"end":{"line":12,"column":42}},"5":{"start":{"line":13,"column":8},"end":{"line":13,"column":40}},"6":{"start":{"line":14,"column":8},"end":{"line":14,"column":38}},"7":{"start":{"line":15,"column":8},"end":{"line":15,"column":42}},"8":{"start":{"line":17,"column":20},"end":{"line":17,"column":45}},"9":{"start":{"line":18,"column":22},"end":{"line":18,"column":42}},"10":{"start":{"line":20,"column":8},"end":{"line":24,"column":9}},"11":{"start":{"line":21,"column":12},"end":{"line":21,"column":80}},"12":{"start":{"line":23,"column":12},"end":{"line":23,"column":54}},"13":{"start":{"line":28,"column":23},"end":{"line":28,"column":51}},"14":{"start":{"line":29,"column":8},"end":{"line":33,"column":9}},"15":{"start":{"line":30,"column":12},"end":{"line":30,"column":45}},"16":{"start":{"line":31,"column":12},"end":{"line":31,"column":40}},"17":{"start":{"line":32,"column":12},"end":{"line":32,"column":47}},"18":{"start":{"line":38,"column":20},"end":{"line":38,"column":45}},"19":{"start":{"line":40,"column":8},"end":{"line":43,"column":9}},"20":{"start":{"line":41,"column":12},"end":{"line":41,"column":40}},"21":{"start":{"line":42,"column":12},"end":{"line":42,"column":18}},"22":{"start":{"line":45,"column":36},"end":{"line":50,"column":10}},"23":{"start":{"line":52,"column":8},"end":{"line":55,"column":9}},"24":{"start":{"line":53,"column":12},"end":{"line":53,"column":59}},"25":{"start":{"line":54,"column":12},"end":{"line":54,"column":18}},"26":{"start":{"line":57,"column":8},"end":{"line":57,"column":33}},"27":{"start":{"line":61,"column":8},"end":{"line":61,"column":53}},"28":{"start":{"line":62,"column":8},"end":{"line":62,"column":28}},"29":{"start":{"line":66,"column":8},"end":{"line":66,"column":86}},"30":{"start":{"line":67,"column":8},"end":{"line":67,"column":28}},"31":{"start":{"line":71,"column":8},"end":{"line":71,"column":51}},"32":{"start":{"line":72,"column":8},"end":{"line":72,"column":47}},"33":{"start":{"line":76,"column":8},"end":{"line":76,"column":57}},"34":{"start":{"line":77,"column":8},"end":{"line":77,"column":53}},"35":{"start":{"line":81,"column":8},"end":{"line":81,"column":59}},"36":{"start":{"line":82,"column":8},"end":{"line":82,"column":55}},"37":{"start":{"line":86,"column":8},"end":{"line":86,"column":58}},"38":{"start":{"line":87,"column":8},"end":{"line":87,"column":55}},"39":{"start":{"line":91,"column":0},"end":{"line":91,"column":21}}},"fnMap":{"0":{"name":"(anonymous_0)","decl":{"start":{"line":4,"column":4},"end":{"line":4,"column":5}},"loc":{"start":{"line":4,"column":49},"end":{"line":8,"column":5}},"line":4},"1":{"name":"(anonymous_1)","decl":{"start":{"line":10,"column":4},"end":{"line":10,"column":5}},"loc":{"start":{"line":10,"column":62},"end":{"line":25,"column":5}},"line":10},"2":{"name":"(anonymous_2)","decl":{"start":{"line":27,"column":4},"end":{"line":27,"column":5}},"loc":{"start":{"line":27,"column":42},"end":{"line":34,"column":5}},"line":27},"3":{"name":"(anonymous_3)","decl":{"start":{"line":36,"column":4},"end":{"line":36,"column":5}},"loc":{"start":{"line":36,"column":68},"end":{"line":58,"column":5}},"line":36},"4":{"name":"(anonymous_4)","decl":{"start":{"line":60,"column":4},"end":{"line":60,"column":5}},"loc":{"start":{"line":60,"column":28},"end":{"line":63,"column":5}},"line":60},"5":{"name":"(anonymous_5)","decl":{"start":{"line":65,"column":4},"end":{"line":65,"column":5}},"loc":{"start":{"line":65,"column":47},"end":{"line":68,"column":5}},"line":65},"6":{"name":"(anonymous_6)","decl":{"start":{"line":70,"column":4},"end":{"line":70,"column":5}},"loc":{"start":{"line":70,"column":27},"end":{"line":73,"column":5}},"line":70},"7":{"name":"(anonymous_7)","decl":{"start":{"line":75,"column":4},"end":{"line":75,"column":5}},"loc":{"start":{"line":75,"column":33},"end":{"line":78,"column":5}},"line":75},"8":{"name":"(anonymous_8)","decl":{"start":{"line":80,"column":4},"end":{"line":80,"column":5}},"loc":{"start":{"line":80,"column":35},"end":{"line":83,"column":5}},"line":80},"9":{"name":"(anonymous_9)","decl":{"start":{"line":85,"column":4},"end":{"line":85,"column":5}},"loc":{"start":{"line":85,"column":35},"end":{"line":88,"column":5}},"line":85}},"branchMap":{"0":{"loc":{"start":{"line":20,"column":8},"end":{"line":24,"column":9}},"type":"if","locations":[{"start":{"line":20,"column":8},"end":{"line":24,"column":9}},{"start":{"line":22,"column":15},"end":{"line":24,"column":9}}],"line":20},"1":{"loc":{"start":{"line":29,"column":8},"end":{"line":33,"column":9}},"type":"if","locations":[{"start":{"line":29,"column":8},"end":{"line":33,"column":9}},{"start":{},"end":{}}],"line":29},"2":{"loc":{"start":{"line":40,"column":8},"end":{"line":43,"column":9}},"type":"if","locations":[{"start":{"line":40,"column":8},"end":{"line":43,"column":9}},{"start":{},"end":{}}],"line":40},"3":{"loc":{"start":{"line":52,"column":8},"end":{"line":55,"column":9}},"type":"if","locations":[{"start":{"line":52,"column":8},"end":{"line":55,"column":9}},{"start":{},"end":{}}],"line":52}},"s":{"0":1,"1":7,"2":7,"3":7,"4":2,"5":2,"6":2,"7":2,"8":2,"9":2,"10":2,"11":1,"12":1,"13":3,"14":3,"15":2,"16":2,"17":2,"18":4,"19":4,"20":1,"21":1,"22":3,"23":3,"24":1,"25":1,"26":2,"27":1,"28":1,"29":1,"30":1,"31":6,"32":6,"33":4,"34":4,"35":2,"36":2,"37":4,"38":4,"39":1},"f":{"0":7,"1":2,"2":3,"3":4,"4":1,"5":1,"6":6,"7":4,"8":2,"9":4},"b":{"0":[1,1],"1":[2,1],"2":[1,3],"3":[1,2]},"_coverageSchema":"1a1c01bbd47fc00a2c39e90264f33305004495a9","hash":"e7d250f9217e8387be3f8b6daf7a454ef223873c"}
,"/home/ubuntu/workspace/labs/fmtok8s-ci/src/semver.js": {"path":"/home/ubuntu/workspace/labs/fmtok8s-ci/src/semver.js","statementMap":{"0":{"start":{"line":2,"column":15},"end":{"line":2,"column":32}},"1":{"start":{"line":8,"column":8},"end":{"line":8,"column":34}},"2":{"start":{"line":12,"column":0},"end":{"line":12,"column":23}}},"fnMap":{"0":{"name":"(anonymous_0)","decl":{"start":{"line":5,"column":4},"end":{"line":5,"column":5}},"loc":{"start":{"line":5,"column":18},"end":{"line":5,"column":21}},"line":5},"1":{"name":"(anonymous_1)","decl":{"start":{"line":7,"column":4},"end":{"line":7,"column":5}},"loc":{"start":{"line":7,"column":17},"end":{"line":9,"column":5}},"line":7}},"branchMap":{},"s":{"0":2,"1":6,"2":2},"f":{"0":6,"1":6},"b":{},"_coverageSchema":"1a1c01bbd47fc00a2c39e90264f33305004495a9","hash":"9577306e4f23e7c7df0677a8e0873950705602ba"}
,"/home/ubuntu/workspace/labs/fmtok8s-ci/src/util.js": {"path":"/home/ubuntu/workspace/labs/fmtok8s-ci/src/util.js","statementMap":{"0":{"start":{"line":1,"column":15},"end":{"line":1,"column":32}},"1":{"start":{"line":3,"column":23},"end":{"line":3,"column":35}},"2":{"start":{"line":4,"column":26},"end":{"line":4,"column":39}},"3":{"start":{"line":10,"column":8},"end":{"line":14,"column":9}},"4":{"start":{"line":11,"column":12},"end":{"line":11,"column":50}},"5":{"start":{"line":13,"column":12},"end":{"line":13,"column":21}},"6":{"start":{"line":18,"column":8},"end":{"line":22,"column":9}},"7":{"start":{"line":19,"column":12},"end":{"line":19,"column":53}},"8":{"start":{"line":21,"column":12},"end":{"line":21,"column":21}},"9":{"start":{"line":26,"column":8},"end":{"line":26,"column":34}},"10":{"start":{"line":30,"column":0},"end":{"line":30,"column":21}}},"fnMap":{"0":{"name":"(anonymous_0)","decl":{"start":{"line":7,"column":4},"end":{"line":7,"column":5}},"loc":{"start":{"line":7,"column":18},"end":{"line":7,"column":21}},"line":7},"1":{"name":"(anonymous_1)","decl":{"start":{"line":9,"column":4},"end":{"line":9,"column":5}},"loc":{"start":{"line":9,"column":25},"end":{"line":15,"column":5}},"line":9},"2":{"name":"(anonymous_2)","decl":{"start":{"line":17,"column":4},"end":{"line":17,"column":5}},"loc":{"start":{"line":17,"column":28},"end":{"line":23,"column":5}},"line":17},"3":{"name":"(anonymous_3)","decl":{"start":{"line":25,"column":4},"end":{"line":25,"column":5}},"loc":{"start":{"line":25,"column":15},"end":{"line":27,"column":5}},"line":25}},"branchMap":{"0":{"loc":{"start":{"line":9,"column":15},"end":{"line":9,"column":23}},"type":"default-arg","locations":[{"start":{"line":9,"column":21},"end":{"line":9,"column":23}}],"line":9},"1":{"loc":{"start":{"line":10,"column":8},"end":{"line":14,"column":9}},"type":"if","locations":[{"start":{"line":10,"column":8},"end":{"line":14,"column":9}},{"start":{"line":12,"column":15},"end":{"line":14,"column":9}}],"line":10},"2":{"loc":{"start":{"line":17,"column":18},"end":{"line":17,"column":26}},"type":"default-arg","locations":[{"start":{"line":17,"column":24},"end":{"line":17,"column":26}}],"line":17},"3":{"loc":{"start":{"line":18,"column":8},"end":{"line":22,"column":9}},"type":"if","locations":[{"start":{"line":18,"column":8},"end":{"line":22,"column":9}},{"start":{"line":20,"column":15},"end":{"line":22,"column":9}}],"line":18}},"s":{"0":2,"1":2,"2":2,"3":8,"4":6,"5":2,"6":5,"7":3,"8":2,"9":4,"10":2},"f":{"0":13,"1":8,"2":5,"3":4},"b":{"0":[1],"1":[6,2],"2":[1],"3":[3,2]},"_coverageSchema":"1a1c01bbd47fc00a2c39e90264f33305004495a9","hash":"2aa16982033d5f30f9924fd648f96dbcb4de0733"}
}
