{"/home/ubuntu/workspace/labs/fmtok8s-ci/src/github-service.js": {"path":"/home/ubuntu/workspace/labs/fmtok8s-ci/src/github-service.js","statementMap":{"0":{"start":{"line":3,"column":8},"end":{"line":3,"column":30}},"1":{"start":{"line":7,"column":8},"end":{"line":19,"column":9}},"2":{"start":{"line":8,"column":29},"end":{"line":14,"column":18}},"3":{"start":{"line":15,"column":12},"end":{"line":15,"column":92}},"4":{"start":{"line":17,"column":12},"end":{"line":17,"column":102}},"5":{"start":{"line":18,"column":12},"end":{"line":18,"column":24}},"6":{"start":{"line":23,"column":0},"end":{"line":23,"column":30}}},"fnMap":{"0":{"name":"(anonymous_0)","decl":{"start":{"line":2,"column":4},"end":{"line":2,"column":5}},"loc":{"start":{"line":2,"column":29},"end":{"line":4,"column":5}},"line":2},"1":{"name":"(anonymous_1)","decl":{"start":{"line":6,"column":4},"end":{"line":6,"column":5}},"loc":{"start":{"line":6,"column":78},"end":{"line":20,"column":5}},"line":6}},"branchMap":{"0":{"loc":{"start":{"line":15,"column":19},"end":{"line":15,"column":92}},"type":"binary-expr","locations":[{"start":{"line":15,"column":19},"end":{"line":15,"column":55}},{"start":{"line":15,"column":59},"end":{"line":15,"column":92}}],"line":15}},"s":{"0":6,"1":4,"2":4,"3":3,"4":1,"5":1,"6":2},"f":{"0":6,"1":4},"b":{"0":[3,1]},"_coverageSchema":"1a1c01bbd47fc00a2c39e90264f33305004495a9","hash":"1745d9ca8b28d207d6b05f4563bab02777e82eeb"}
,"/home/ubuntu/workspace/labs/fmtok8s-ci/src/main.js": {"path":"/home/ubuntu/workspace/labs/fmtok8s-ci/src/main.js","statementMap":{"0":{"start":{"line":1,"column":13},"end":{"line":1,"column":37}},"1":{"start":{"line":5,"column":8},"end":{"line":5,"column":28}},"2":{"start":{"line":6,"column":8},"end":{"line":6,"column":24}},"3":{"start":{"line":7,"column":8},"end":{"line":7,"column":42}},"4":{"start":{"line":12,"column":8},"end":{"line":12,"column":42}},"5":{"start":{"line":13,"column":8},"end":{"line":13,"column":40}},"6":{"start":{"line":14,"column":8},"end":{"line":14,"column":38}},"7":{"start":{"line":15,"column":8},"end":{"line":15,"column":42}},"8":{"start":{"line":17,"column":20},"end":{"line":17,"column":45}},"9":{"start":{"line":18,"column":22},"end":{"line":18,"column":42}},"10":{"start":{"line":20,"column":8},"end":{"line":25,"column":9}},"11":{"start":{"line":21,"column":12},"end":{"line":21,"column":39}},"12":{"start":{"line":22,"column":12},"end":{"line":22,"column":80}},"13":{"start":{"line":24,"column":12},"end":{"line":24,"column":54}},"14":{"start":{"line":29,"column":23},"end":{"line":29,"column":51}},"15":{"start":{"line":30,"column":8},"end":{"line":34,"column":9}},"16":{"start":{"line":31,"column":12},"end":{"line":31,"column":45}},"17":{"start":{"line":32,"column":12},"end":{"line":32,"column":40}},"18":{"start":{"line":33,"column":12},"end":{"line":33,"column":47}},"19":{"start":{"line":39,"column":20},"end":{"line":39,"column":45}},"20":{"start":{"line":41,"column":8},"end":{"line":44,"column":9}},"21":{"start":{"line":42,"column":12},"end":{"line":42,"column":40}},"22":{"start":{"line":43,"column":12},"end":{"line":43,"column":18}},"23":{"start":{"line":46,"column":36},"end":{"line":51,"column":10}},"24":{"start":{"line":53,"column":8},"end":{"line":56,"column":9}},"25":{"start":{"line":54,"column":12},"end":{"line":54,"column":59}},"26":{"start":{"line":55,"column":12},"end":{"line":55,"column":18}},"27":{"start":{"line":58,"column":8},"end":{"line":58,"column":33}},"28":{"start":{"line":62,"column":8},"end":{"line":62,"column":53}},"29":{"start":{"line":63,"column":8},"end":{"line":63,"column":28}},"30":{"start":{"line":67,"column":8},"end":{"line":67,"column":86}},"31":{"start":{"line":68,"column":8},"end":{"line":68,"column":28}},"32":{"start":{"line":72,"column":8},"end":{"line":72,"column":51}},"33":{"start":{"line":73,"column":8},"end":{"line":73,"column":47}},"34":{"start":{"line":77,"column":8},"end":{"line":77,"column":57}},"35":{"start":{"line":78,"column":8},"end":{"line":78,"column":53}},"36":{"start":{"line":82,"column":8},"end":{"line":82,"column":59}},"37":{"start":{"line":83,"column":8},"end":{"line":83,"column":55}},"38":{"start":{"line":87,"column":8},"end":{"line":87,"column":58}},"39":{"start":{"line":88,"column":8},"end":{"line":88,"column":55}},"40":{"start":{"line":92,"column":0},"end":{"line":92,"column":21}}},"fnMap":{"0":{"name":"(anonymous_0)","decl":{"start":{"line":4,"column":4},"end":{"line":4,"column":5}},"loc":{"start":{"line":4,"column":49},"end":{"line":8,"column":5}},"line":4},"1":{"name":"(anonymous_1)","decl":{"start":{"line":10,"column":4},"end":{"line":10,"column":5}},"loc":{"start":{"line":10,"column":62},"end":{"line":26,"column":5}},"line":10},"2":{"name":"(anonymous_2)","decl":{"start":{"line":28,"column":4},"end":{"line":28,"column":5}},"loc":{"start":{"line":28,"column":42},"end":{"line":35,"column":5}},"line":28},"3":{"name":"(anonymous_3)","decl":{"start":{"line":37,"column":4},"end":{"line":37,"column":5}},"loc":{"start":{"line":37,"column":68},"end":{"line":59,"column":5}},"line":37},"4":{"name":"(anonymous_4)","decl":{"start":{"line":61,"column":4},"end":{"line":61,"column":5}},"loc":{"start":{"line":61,"column":28},"end":{"line":64,"column":5}},"line":61},"5":{"name":"(anonymous_5)","decl":{"start":{"line":66,"column":4},"end":{"line":66,"column":5}},"loc":{"start":{"line":66,"column":47},"end":{"line":69,"column":5}},"line":66},"6":{"name":"(anonymous_6)","decl":{"start":{"line":71,"column":4},"end":{"line":71,"column":5}},"loc":{"start":{"line":71,"column":27},"end":{"line":74,"column":5}},"line":71},"7":{"name":"(anonymous_7)","decl":{"start":{"line":76,"column":4},"end":{"line":76,"column":5}},"loc":{"start":{"line":76,"column":33},"end":{"line":79,"column":5}},"line":76},"8":{"name":"(anonymous_8)","decl":{"start":{"line":81,"column":4},"end":{"line":81,"column":5}},"loc":{"start":{"line":81,"column":35},"end":{"line":84,"column":5}},"line":81},"9":{"name":"(anonymous_9)","decl":{"start":{"line":86,"column":4},"end":{"line":86,"column":5}},"loc":{"start":{"line":86,"column":35},"end":{"line":89,"column":5}},"line":86}},"branchMap":{"0":{"loc":{"start":{"line":20,"column":8},"end":{"line":25,"column":9}},"type":"if","locations":[{"start":{"line":20,"column":8},"end":{"line":25,"column":9}},{"start":{"line":23,"column":15},"end":{"line":25,"column":9}}],"line":20},"1":{"loc":{"start":{"line":30,"column":8},"end":{"line":34,"column":9}},"type":"if","locations":[{"start":{"line":30,"column":8},"end":{"line":34,"column":9}},{"start":{},"end":{}}],"line":30},"2":{"loc":{"start":{"line":41,"column":8},"end":{"line":44,"column":9}},"type":"if","locations":[{"start":{"line":41,"column":8},"end":{"line":44,"column":9}},{"start":{},"end":{}}],"line":41},"3":{"loc":{"start":{"line":53,"column":8},"end":{"line":56,"column":9}},"type":"if","locations":[{"start":{"line":53,"column":8},"end":{"line":56,"column":9}},{"start":{},"end":{}}],"line":53}},"s":{"0":1,"1":7,"2":7,"3":7,"4":2,"5":2,"6":2,"7":2,"8":2,"9":2,"10":2,"11":1,"12":1,"13":1,"14":3,"15":3,"16":2,"17":2,"18":2,"19":4,"20":4,"21":1,"22":1,"23":3,"24":3,"25":1,"26":1,"27":2,"28":1,"29":1,"30":1,"31":1,"32":6,"33":6,"34":4,"35":4,"36":2,"37":2,"38":4,"39":4,"40":1},"f":{"0":7,"1":2,"2":3,"3":4,"4":1,"5":1,"6":6,"7":4,"8":2,"9":4},"b":{"0":[1,1],"1":[2,1],"2":[1,3],"3":[1,2]},"_coverageSchema":"1a1c01bbd47fc00a2c39e90264f33305004495a9","hash":"2ed734cdf8277de5bd2d6b75b61a0e8a124a012a"}
,"/home/ubuntu/workspace/labs/fmtok8s-ci/src/semver.js": {"path":"/home/ubuntu/workspace/labs/fmtok8s-ci/src/semver.js","statementMap":{"0":{"start":{"line":2,"column":15},"end":{"line":2,"column":32}},"1":{"start":{"line":8,"column":8},"end":{"line":8,"column":34}},"2":{"start":{"line":12,"column":0},"end":{"line":12,"column":23}}},"fnMap":{"0":{"name":"(anonymous_0)","decl":{"start":{"line":5,"column":4},"end":{"line":5,"column":5}},"loc":{"start":{"line":5,"column":18},"end":{"line":5,"column":21}},"line":5},"1":{"name":"(anonymous_1)","decl":{"start":{"line":7,"column":4},"end":{"line":7,"column":5}},"loc":{"start":{"line":7,"column":17},"end":{"line":9,"column":5}},"line":7}},"branchMap":{},"s":{"0":2,"1":6,"2":2},"f":{"0":6,"1":6},"b":{},"_coverageSchema":"1a1c01bbd47fc00a2c39e90264f33305004495a9","hash":"9577306e4f23e7c7df0677a8e0873950705602ba"}
,"/home/ubuntu/workspace/labs/fmtok8s-ci/src/util.js": {"path":"/home/ubuntu/workspace/labs/fmtok8s-ci/src/util.js","statementMap":{"0":{"start":{"line":1,"column":15},"end":{"line":1,"column":32}},"1":{"start":{"line":3,"column":23},"end":{"line":3,"column":35}},"2":{"start":{"line":4,"column":26},"end":{"line":4,"column":39}},"3":{"start":{"line":10,"column":8},"end":{"line":14,"column":9}},"4":{"start":{"line":11,"column":12},"end":{"line":11,"column":50}},"5":{"start":{"line":13,"column":12},"end":{"line":13,"column":21}},"6":{"start":{"line":18,"column":8},"end":{"line":22,"column":9}},"7":{"start":{"line":19,"column":12},"end":{"line":19,"column":53}},"8":{"start":{"line":21,"column":12},"end":{"line":21,"column":21}},"9":{"start":{"line":26,"column":8},"end":{"line":26,"column":34}},"10":{"start":{"line":30,"column":0},"end":{"line":30,"column":21}}},"fnMap":{"0":{"name":"(anonymous_0)","decl":{"start":{"line":7,"column":4},"end":{"line":7,"column":5}},"loc":{"start":{"line":7,"column":18},"end":{"line":7,"column":21}},"line":7},"1":{"name":"(anonymous_1)","decl":{"start":{"line":9,"column":4},"end":{"line":9,"column":5}},"loc":{"start":{"line":9,"column":25},"end":{"line":15,"column":5}},"line":9},"2":{"name":"(anonymous_2)","decl":{"start":{"line":17,"column":4},"end":{"line":17,"column":5}},"loc":{"start":{"line":17,"column":28},"end":{"line":23,"column":5}},"line":17},"3":{"name":"(anonymous_3)","decl":{"start":{"line":25,"column":4},"end":{"line":25,"column":5}},"loc":{"start":{"line":25,"column":15},"end":{"line":27,"column":5}},"line":25}},"branchMap":{"0":{"loc":{"start":{"line":9,"column":15},"end":{"line":9,"column":23}},"type":"default-arg","locations":[{"start":{"line":9,"column":21},"end":{"line":9,"column":23}}],"line":9},"1":{"loc":{"start":{"line":10,"column":8},"end":{"line":14,"column":9}},"type":"if","locations":[{"start":{"line":10,"column":8},"end":{"line":14,"column":9}},{"start":{"line":12,"column":15},"end":{"line":14,"column":9}}],"line":10},"2":{"loc":{"start":{"line":17,"column":18},"end":{"line":17,"column":26}},"type":"default-arg","locations":[{"start":{"line":17,"column":24},"end":{"line":17,"column":26}}],"line":17},"3":{"loc":{"start":{"line":18,"column":8},"end":{"line":22,"column":9}},"type":"if","locations":[{"start":{"line":18,"column":8},"end":{"line":22,"column":9}},{"start":{"line":20,"column":15},"end":{"line":22,"column":9}}],"line":18}},"s":{"0":2,"1":2,"2":2,"3":8,"4":6,"5":2,"6":5,"7":3,"8":2,"9":4,"10":2},"f":{"0":13,"1":8,"2":5,"3":4},"b":{"0":[1],"1":[6,2],"2":[1],"3":[3,2]},"_coverageSchema":"1a1c01bbd47fc00a2c39e90264f33305004495a9","hash":"2aa16982033d5f30f9924fd648f96dbcb4de0733"}
}
