TN:
SF:src/github-service.js
FN:2,(anonymous_0)
FN:6,(anonymous_1)
FNF:2
FNH:2
FNDA:4,(anonymous_0)
FNDA:3,(anonymous_1)
DA:3,4
DA:7,3
DA:8,3
DA:15,2
DA:17,1
DA:18,1
DA:23,2
LF:7
LH:7
BRDA:15,0,0,2
BRDA:15,0,1,1
BRF:2
BRH:2
end_of_record
TN:
SF:src/main.js
FN:4,(anonymous_0)
FN:10,(anonymous_1)
FN:25,(anonymous_2)
FN:34,(anonymous_3)
FN:58,(anonymous_4)
FN:63,(anonymous_5)
FN:68,(anonymous_6)
FN:73,(anonymous_7)
FN:78,(anonymous_8)
FN:83,(anonymous_9)
FNF:10
FNH:8
FNDA:5,(anonymous_0)
FNDA:0,(anonymous_1)
FNDA:2,(anonymous_2)
FNDA:3,(anonymous_3)
FNDA:1,(anonymous_4)
FNDA:1,(anonymous_5)
FNDA:2,(anonymous_6)
FNDA:1,(anonymous_7)
FNDA:0,(anonymous_8)
FNDA:1,(anonymous_9)
DA:1,1
DA:5,5
DA:6,5
DA:7,5
DA:12,0
DA:13,0
DA:14,0
DA:15,0
DA:17,0
DA:18,0
DA:19,0
DA:21,0
DA:26,2
DA:27,2
DA:28,1
DA:29,1
DA:30,1
DA:36,3
DA:38,3
DA:39,1
DA:40,1
DA:43,2
DA:50,2
DA:51,1
DA:52,1
DA:55,1
DA:59,1
DA:60,1
DA:64,1
DA:65,1
DA:69,2
DA:70,2
DA:74,1
DA:75,1
DA:79,0
DA:80,0
DA:84,1
DA:85,1
DA:89,1
LF:39
LH:29
BRDA:18,0,0,0
BRDA:18,0,1,0
BRDA:27,1,0,1
BRDA:27,1,1,1
BRDA:38,2,0,1
BRDA:38,2,1,2
BRDA:50,3,0,1
BRDA:50,3,1,1
BRF:8
BRH:6
end_of_record
TN:
SF:src/semver.js
FN:5,(anonymous_0)
FN:7,(anonymous_1)
FNF:2
FNH:2
FNDA:5,(anonymous_0)
FNDA:5,(anonymous_1)
DA:2,2
DA:8,5
DA:12,2
LF:3
LH:3
BRF:0
BRH:0
end_of_record
TN:
SF:src/util.js
FN:7,(anonymous_0)
FN:9,(anonymous_1)
FN:17,(anonymous_2)
FN:25,(anonymous_3)
FNF:4
FNH:4
FNDA:11,(anonymous_0)
FNDA:5,(anonymous_1)
FNDA:4,(anonymous_2)
FNDA:2,(anonymous_3)
DA:1,2
DA:3,2
DA:4,2
DA:10,5
DA:11,4
DA:13,1
DA:18,4
DA:19,3
DA:21,1
DA:26,2
DA:30,2
LF:11
LH:11
BRDA:9,0,0,0
BRDA:10,1,0,4
BRDA:10,1,1,1
BRDA:17,2,0,0
BRDA:18,3,0,3
BRDA:18,3,1,1
BRF:6
BRH:4
end_of_record
