TN:
SF:src/github-service.js
FN:2,(anonymous_0)
FN:6,(anonymous_1)
FNF:2
FNH:2
FNDA:6,(anonymous_0)
FNDA:4,(anonymous_1)
DA:3,6
DA:7,4
DA:8,4
DA:15,3
DA:17,1
DA:18,1
DA:23,2
LF:7
LH:7
BRDA:15,0,0,3
BRDA:15,0,1,1
BRF:2
BRH:2
end_of_record
TN:
SF:src/main.js
FN:4,(anonymous_0)
FN:10,(anonymous_1)
FN:28,(anonymous_2)
FN:37,(anonymous_3)
FN:61,(anonymous_4)
FN:66,(anonymous_5)
FN:71,(anonymous_6)
FN:76,(anonymous_7)
FN:81,(anonymous_8)
FN:86,(anonymous_9)
FNF:10
FNH:10
FNDA:7,(anonymous_0)
FNDA:2,(anonymous_1)
FNDA:3,(anonymous_2)
FNDA:4,(anonymous_3)
FNDA:1,(anonymous_4)
FNDA:1,(anonymous_5)
FNDA:6,(anonymous_6)
FNDA:4,(anonymous_7)
FNDA:2,(anonymous_8)
FNDA:4,(anonymous_9)
DA:1,1
DA:5,7
DA:6,7
DA:7,7
DA:12,2
DA:13,2
DA:14,2
DA:15,2
DA:17,2
DA:18,2
DA:20,2
DA:21,1
DA:22,1
DA:24,1
DA:29,3
DA:30,3
DA:31,2
DA:32,2
DA:33,2
DA:39,4
DA:41,4
DA:42,1
DA:43,1
DA:46,3
DA:53,3
DA:54,1
DA:55,1
DA:58,2
DA:62,1
DA:63,1
DA:67,1
DA:68,1
DA:72,6
DA:73,6
DA:77,4
DA:78,4
DA:82,2
DA:83,2
DA:87,4
DA:88,4
DA:92,1
LF:41
LH:41
BRDA:20,0,0,1
BRDA:20,0,1,1
BRDA:30,1,0,2
BRDA:30,1,1,1
BRDA:41,2,0,1
BRDA:41,2,1,3
BRDA:53,3,0,1
BRDA:53,3,1,2
BRF:8
BRH:8
end_of_record
TN:
SF:src/semver.js
FN:5,(anonymous_0)
FN:7,(anonymous_1)
FNF:2
FNH:2
FNDA:6,(anonymous_0)
FNDA:6,(anonymous_1)
DA:2,2
DA:8,6
DA:12,2
LF:3
LH:3
BRF:0
BRH:0
end_of_record
TN:
SF:src/util.js
FN:7,(anonymous_0)
FN:9,(anonymous_1)
FN:17,(anonymous_2)
FN:25,(anonymous_3)
FNF:4
FNH:4
FNDA:13,(anonymous_0)
FNDA:8,(anonymous_1)
FNDA:5,(anonymous_2)
FNDA:4,(anonymous_3)
DA:1,2
DA:3,2
DA:4,2
DA:10,8
DA:11,6
DA:13,2
DA:18,5
DA:19,3
DA:21,2
DA:26,4
DA:30,2
LF:11
LH:11
BRDA:9,0,0,1
BRDA:10,1,0,6
BRDA:10,1,1,2
BRDA:17,2,0,1
BRDA:18,3,0,3
BRDA:18,3,1,2
BRF:6
BRH:6
end_of_record
